<?xml version="1.0" encoding="UTF-8"?>
<!-- Generated by org.testng.reporters.JUnitReportReporter -->
<testsuite skipped="0" hostname="Ankurs-MacBook-Pro.local" name="testRunner.TestRunner" tests="1" failures="0" timestamp="08 Feb 2021 14:04:29 GMT" time="2.687" errors="0">
  <testcase name="feature" time="2.687" classname="testRunner.TestRunner"/>
</testsuite> <!-- testRunner.TestRunner -->
