<?xml version="1.0" encoding="UTF-8"?>
<!-- Generated by org.testng.reporters.JUnitReportReporter -->
<<<<<<< HEAD
<testsuite skipped="0" hostname="Ankurs-MacBook-Pro.local" name="stepDef.VailfFormPage2" tests="1" failures="0" timestamp="12 Feb 2021 01:12:41 GMT" time="4.195" errors="1">
  <testcase name="i_am_on_the_from_s_page" time="4.195" classname="stepDef.VailfFormPage2">
    <error type="org.openqa.selenium.ElementClickInterceptedException" message="element click intercepted: Element &lt;input name=&quot;gender&quot; required=&quot;&quot; type=&quot;radio&quot; id=&quot;gender-radio-2&quot; class=&quot;custom-control-input&quot; value=&quot;Female&quot;&gt; is not clickable at point (545, 370). Other element would receive the click: &lt;label title=&quot;&quot; for=&quot;gender-radio-2&quot; class=&quot;custom-control-label&quot;&gt;...&lt;/label&gt;
  (Session info: chrome=88.0.4324.150)
=======
<testsuite hostname="DESKTOP-D7C059L" failures="0" tests="1" name="stepDef.VailfFormPage2" time="2.611" errors="1" timestamp="12 Feb 2021 01:11:06 GMT" skipped="0">
  <testcase classname="stepDef.VailfFormPage2" name="i_am_on_the_from_s_page" time="2.611">
    <error message="session not created: This version of ChromeDriver only supports Chrome version 86
Current browser version is 88.0.4324.150 with binary path C:\Program Files (x86)\Google\Chrome\Application\chrome.exe
>>>>>>> branch 'CreationBranch' of https://github.com/ankurghose/BDDSelenium.git
Build info: version: &#039;3.141.59&#039;, revision: &#039;e82be7d358&#039;, time: &#039;2018-11-14T08:17:03&#039;
<<<<<<< HEAD
System info: host: &#039;Ankurs-MacBook-Pro.local&#039;, ip: &#039;fe80:0:0:0:8c9:71f4:1455:7cd5%en0&#039;, os.name: &#039;Mac OS X&#039;, os.arch: &#039;x86_64&#039;, os.version: &#039;10.15.7&#039;, java.version: &#039;1.8.0_241&#039;
Driver info: org.openqa.selenium.chrome.ChromeDriver
Capabilities {acceptInsecureCerts: false, browserName: chrome, browserVersion: 88.0.4324.150, chrome: {chromedriverVersion: 88.0.4324.96 (68dba2d8a0b14..., userDataDir: /var/folders/tt/nsvrf5zx0jd...}, goog:chromeOptions: {debuggerAddress: localhost:57404}, javascriptEnabled: true, networkConnectionEnabled: false, pageLoadStrategy: normal, platform: MAC, platformName: MAC, proxy: Proxy(), setWindowRect: true, strictFileInteractability: false, timeouts: {implicit: 0, pageLoad: 300000, script: 30000}, unhandledPromptBehavior: dismiss and notify, webauthn:extension:largeBlob: true, webauthn:virtualAuthenticators: true}
Session ID: b7e40108fff40be5cbb259af0ed4dd0e">
      <![CDATA[org.openqa.selenium.ElementClickInterceptedException: element click intercepted: Element <input name="gender" required="" type="radio" id="gender-radio-2" class="custom-control-input" value="Female"> is not clickable at point (545, 370). Other element would receive the click: <label title="" for="gender-radio-2" class="custom-control-label">...</label>
  (Session info: chrome=88.0.4324.150)
=======
System info: host: &#039;DESKTOP-D7C059L&#039;, ip: &#039;192.168.1.19&#039;, os.name: &#039;Windows 10&#039;, os.arch: &#039;amd64&#039;, os.version: &#039;10.0&#039;, java.version: &#039;12.0.1&#039;
Driver info: driver.version: ChromeDriver
remote stacktrace: Backtrace:
	Ordinal0 [0x00CAC013+3194899]
	Ordinal0 [0x00B96021+2056225]
	Ordinal0 [0x00A2F608+587272]
	Ordinal0 [0x009B1BF3+72691]
	Ordinal0 [0x009AE229+57897]
	Ordinal0 [0x009AC64A+50762]
	Ordinal0 [0x009D1EE9+204521]
	Ordinal0 [0x009D1D0D+204045]
	Ordinal0 [0x009CFC1B+195611]
	Ordinal0 [0x009B3B7F+80767]
	Ordinal0 [0x009B4B4E+84814]
	Ordinal0 [0x009B4AD9+84697]
	Ordinal0 [0x00BACE64+2149988]
	GetHandleVerifier [0x00E1BE95+1400773]
	GetHandleVerifier [0x00E1BB61+1399953]
	GetHandleVerifier [0x00E231FA+1430314]
	GetHandleVerifier [0x00E1C69F+1402831]
	Ordinal0 [0x00BA3D61+2112865]
	Ordinal0 [0x00BAE5CB+2155979]
	Ordinal0 [0x00BAE6F5+2156277]
	Ordinal0 [0x00BBF26E+2224750]
	BaseThreadInitThunk [0x772E6359+25]
	RtlGetAppContainerNamedObjectPath [0x77AF8944+228]
	RtlGetAppContainerNamedObjectPath [0x77AF8914+180]
" type="org.openqa.selenium.SessionNotCreatedException">
      <![CDATA[org.openqa.selenium.SessionNotCreatedException: session not created: This version of ChromeDriver only supports Chrome version 86
Current browser version is 88.0.4324.150 with binary path C:\Program Files (x86)\Google\Chrome\Application\chrome.exe
>>>>>>> branch 'CreationBranch' of https://github.com/ankurghose/BDDSelenium.git
Build info: version: '3.141.59', revision: 'e82be7d358', time: '2018-11-14T08:17:03'
<<<<<<< HEAD
System info: host: 'Ankurs-MacBook-Pro.local', ip: 'fe80:0:0:0:8c9:71f4:1455:7cd5%en0', os.name: 'Mac OS X', os.arch: 'x86_64', os.version: '10.15.7', java.version: '1.8.0_241'
Driver info: org.openqa.selenium.chrome.ChromeDriver
Capabilities {acceptInsecureCerts: false, browserName: chrome, browserVersion: 88.0.4324.150, chrome: {chromedriverVersion: 88.0.4324.96 (68dba2d8a0b14..., userDataDir: /var/folders/tt/nsvrf5zx0jd...}, goog:chromeOptions: {debuggerAddress: localhost:57404}, javascriptEnabled: true, networkConnectionEnabled: false, pageLoadStrategy: normal, platform: MAC, platformName: MAC, proxy: Proxy(), setWindowRect: true, strictFileInteractability: false, timeouts: {implicit: 0, pageLoad: 300000, script: 30000}, unhandledPromptBehavior: dismiss and notify, webauthn:extension:largeBlob: true, webauthn:virtualAuthenticators: true}
Session ID: b7e40108fff40be5cbb259af0ed4dd0e
at sun.reflect.NativeConstructorAccessorImpl.newInstance0(Native Method)
at sun.reflect.NativeConstructorAccessorImpl.newInstance(NativeConstructorAccessorImpl.java:62)
at sun.reflect.DelegatingConstructorAccessorImpl.newInstance(DelegatingConstructorAccessorImpl.java:45)
at java.lang.reflect.Constructor.newInstance(Constructor.java:423)
at org.openqa.selenium.remote.http.W3CHttpResponseCodec.createException(W3CHttpResponseCodec.java:187)
at org.openqa.selenium.remote.http.W3CHttpResponseCodec.decode(W3CHttpResponseCodec.java:122)
at org.openqa.selenium.remote.http.W3CHttpResponseCodec.decode(W3CHttpResponseCodec.java:49)
at org.openqa.selenium.remote.HttpCommandExecutor.execute(HttpCommandExecutor.java:158)
at org.openqa.selenium.remote.service.DriverCommandExecutor.execute(DriverCommandExecutor.java:83)
at org.openqa.selenium.remote.RemoteWebDriver.execute(RemoteWebDriver.java:552)
at org.openqa.selenium.remote.RemoteWebElement.execute(RemoteWebElement.java:285)
at org.openqa.selenium.remote.RemoteWebElement.click(RemoteWebElement.java:84)
at sun.reflect.NativeMethodAccessorImpl.invoke0(Native Method)
at sun.reflect.NativeMethodAccessorImpl.invoke(NativeMethodAccessorImpl.java:62)
at sun.reflect.DelegatingMethodAccessorImpl.invoke(DelegatingMethodAccessorImpl.java:43)
at java.lang.reflect.Method.invoke(Method.java:498)
at org.openqa.selenium.support.pagefactory.internal.LocatingElementHandler.invoke(LocatingElementHandler.java:51)
at com.sun.proxy.$Proxy10.click(Unknown Source)
at stepDef.VailfFormPage2.i_am_on_the_from_s_page(VailfFormPage2.java:30)
at sun.reflect.NativeMethodAccessorImpl.invoke0(Native Method)
at sun.reflect.NativeMethodAccessorImpl.invoke(NativeMethodAccessorImpl.java:62)
at sun.reflect.DelegatingMethodAccessorImpl.invoke(DelegatingMethodAccessorImpl.java:43)
at java.lang.reflect.Method.invoke(Method.java:498)
at org.testng.internal.MethodInvocationHelper.invokeMethod(MethodInvocationHelper.java:124)
at org.testng.internal.Invoker.invokeMethod(Invoker.java:583)
at org.testng.internal.Invoker.invokeTestMethod(Invoker.java:719)
at org.testng.internal.Invoker.invokeTestMethods(Invoker.java:989)
at org.testng.internal.TestMethodWorker.invokeTestMethods(TestMethodWorker.java:125)
at org.testng.internal.TestMethodWorker.run(TestMethodWorker.java:109)
at org.testng.TestRunner.privateRun(TestRunner.java:648)
at org.testng.TestRunner.run(TestRunner.java:505)
at org.testng.SuiteRunner.runTest(SuiteRunner.java:455)
at org.testng.SuiteRunner.runSequentially(SuiteRunner.java:450)
at org.testng.SuiteRunner.privateRun(SuiteRunner.java:415)
at org.testng.SuiteRunner.run(SuiteRunner.java:364)
at org.testng.SuiteRunnerWorker.runSuite(SuiteRunnerWorker.java:52)
at org.testng.SuiteRunnerWorker.run(SuiteRunnerWorker.java:84)
at org.testng.TestNG.runSuitesSequentially(TestNG.java:1208)
at org.testng.TestNG.runSuitesLocally(TestNG.java:1137)
at org.testng.TestNG.runSuites(TestNG.java:1049)
at org.testng.TestNG.run(TestNG.java:1017)
at org.testng.remote.AbstractRemoteTestNG.run(AbstractRemoteTestNG.java:115)
at org.testng.remote.RemoteTestNG.initAndRun(RemoteTestNG.java:251)
at org.testng.remote.RemoteTestNG.main(RemoteTestNG.java:77)
]]>
    </error>
  </testcase> <!-- i_am_on_the_from_s_page -->
</testsuite> <!-- stepDef.VailfFormPage2 -->
=======
System info: host: 'DESKTOP-D7C059L', ip: '192.168.1.19', os.name: 'Windows 10', os.arch: 'amd64', os.version: '10.0', java.version: '12.0.1'
Driver info: driver.version: ChromeDriver
remote stacktrace: Backtrace:
Ordinal0 [0x00CAC013+3194899]
Ordinal0 [0x00B96021+2056225]
Ordinal0 [0x00A2F608+587272]
Ordinal0 [0x009B1BF3+72691]
Ordinal0 [0x009AE229+57897]
Ordinal0 [0x009AC64A+50762]
Ordinal0 [0x009D1EE9+204521]
Ordinal0 [0x009D1D0D+204045]
Ordinal0 [0x009CFC1B+195611]
Ordinal0 [0x009B3B7F+80767]
Ordinal0 [0x009B4B4E+84814]
Ordinal0 [0x009B4AD9+84697]
Ordinal0 [0x00BACE64+2149988]
GetHandleVerifier [0x00E1BE95+1400773]
GetHandleVerifier [0x00E1BB61+1399953]
GetHandleVerifier [0x00E231FA+1430314]
GetHandleVerifier [0x00E1C69F+1402831]
Ordinal0 [0x00BA3D61+2112865]
Ordinal0 [0x00BAE5CB+2155979]
Ordinal0 [0x00BAE6F5+2156277]
Ordinal0 [0x00BBF26E+2224750]
BaseThreadInitThunk [0x772E6359+25]
RtlGetAppContainerNamedObjectPath [0x77AF8944+228]
RtlGetAppContainerNamedObjectPath [0x77AF8914+180]

at java.base/jdk.internal.reflect.NativeConstructorAccessorImpl.newInstance0(Native Method)
at java.base/jdk.internal.reflect.NativeConstructorAccessorImpl.newInstance(NativeConstructorAccessorImpl.java:62)
at java.base/jdk.internal.reflect.DelegatingConstructorAccessorImpl.newInstance(DelegatingConstructorAccessorImpl.java:45)
at java.base/java.lang.reflect.Constructor.newInstanceWithCaller(Constructor.java:500)
at java.base/java.lang.reflect.Constructor.newInstance(Constructor.java:481)
at org.openqa.selenium.remote.W3CHandshakeResponse.lambda$errorHandler$0(W3CHandshakeResponse.java:62)
at org.openqa.selenium.remote.HandshakeResponse.lambda$getResponseFunction$0(HandshakeResponse.java:30)
at org.openqa.selenium.remote.ProtocolHandshake.lambda$createSession$0(ProtocolHandshake.java:126)
at java.base/java.util.stream.ReferencePipeline$3$1.accept(ReferencePipeline.java:195)
at java.base/java.util.Spliterators$ArraySpliterator.tryAdvance(Spliterators.java:958)
at java.base/java.util.stream.ReferencePipeline.forEachWithCancel(ReferencePipeline.java:127)
at java.base/java.util.stream.AbstractPipeline.copyIntoWithCancel(AbstractPipeline.java:502)
at java.base/java.util.stream.AbstractPipeline.copyInto(AbstractPipeline.java:488)
at java.base/java.util.stream.AbstractPipeline.wrapAndCopyInto(AbstractPipeline.java:474)
at java.base/java.util.stream.FindOps$FindOp.evaluateSequential(FindOps.java:150)
at java.base/java.util.stream.AbstractPipeline.evaluate(AbstractPipeline.java:234)
at java.base/java.util.stream.ReferencePipeline.findFirst(ReferencePipeline.java:543)
at org.openqa.selenium.remote.ProtocolHandshake.createSession(ProtocolHandshake.java:128)
at org.openqa.selenium.remote.ProtocolHandshake.createSession(ProtocolHandshake.java:74)
at org.openqa.selenium.remote.HttpCommandExecutor.execute(HttpCommandExecutor.java:136)
at org.openqa.selenium.remote.service.DriverCommandExecutor.execute(DriverCommandExecutor.java:83)
at org.openqa.selenium.remote.RemoteWebDriver.execute(RemoteWebDriver.java:552)
at org.openqa.selenium.remote.RemoteWebDriver.startSession(RemoteWebDriver.java:213)
at org.openqa.selenium.remote.RemoteWebDriver.<init>(RemoteWebDriver.java:131)
at org.openqa.selenium.chrome.ChromeDriver.<init>(ChromeDriver.java:181)
at org.openqa.selenium.chrome.ChromeDriver.<init>(ChromeDriver.java:168)
at org.openqa.selenium.chrome.ChromeDriver.<init>(ChromeDriver.java:123)
at common.Base2.getdriver(Base2.java:15)
at stepDef.VailfFormPage2.i_am_on_the_from_s_page(VailfFormPage2.java:20)
at java.base/jdk.internal.reflect.NativeMethodAccessorImpl.invoke0(Native Method)
at java.base/jdk.internal.reflect.NativeMethodAccessorImpl.invoke(NativeMethodAccessorImpl.java:62)
at java.base/jdk.internal.reflect.DelegatingMethodAccessorImpl.invoke(DelegatingMethodAccessorImpl.java:43)
at java.base/java.lang.reflect.Method.invoke(Method.java:567)
at org.testng.internal.MethodInvocationHelper.invokeMethod(MethodInvocationHelper.java:124)
at org.testng.internal.Invoker.invokeMethod(Invoker.java:583)
at org.testng.internal.Invoker.invokeTestMethod(Invoker.java:719)
at org.testng.internal.Invoker.invokeTestMethods(Invoker.java:989)
at org.testng.internal.TestMethodWorker.invokeTestMethods(TestMethodWorker.java:125)
at org.testng.internal.TestMethodWorker.run(TestMethodWorker.java:109)
at org.testng.TestRunner.privateRun(TestRunner.java:648)
at org.testng.TestRunner.run(TestRunner.java:505)
at org.testng.SuiteRunner.runTest(SuiteRunner.java:455)
at org.testng.SuiteRunner.runSequentially(SuiteRunner.java:450)
at org.testng.SuiteRunner.privateRun(SuiteRunner.java:415)
at org.testng.SuiteRunner.run(SuiteRunner.java:364)
at org.testng.SuiteRunnerWorker.runSuite(SuiteRunnerWorker.java:52)
at org.testng.SuiteRunnerWorker.run(SuiteRunnerWorker.java:84)
at org.testng.TestNG.runSuitesSequentially(TestNG.java:1208)
at org.testng.TestNG.runSuitesLocally(TestNG.java:1137)
at org.testng.TestNG.runSuites(TestNG.java:1049)
at org.testng.TestNG.run(TestNG.java:1017)
at org.testng.remote.AbstractRemoteTestNG.run(AbstractRemoteTestNG.java:115)
at org.testng.remote.RemoteTestNG.initAndRun(RemoteTestNG.java:251)
at org.testng.remote.RemoteTestNG.main(RemoteTestNG.java:77)
]]>
    </error>
  </testcase> <!-- i_am_on_the_from_s_page -->
</testsuite> <!-- stepDef.VailfFormPage2 -->
>>>>>>> branch 'CreationBranch' of https://github.com/ankurghose/BDDSelenium.git
