<?xml version="1.0" encoding="UTF-8"?>
<!-- Generated by org.testng.reporters.JUnitReportReporter -->
<testsuite skipped="0" hostname="Ankurs-MacBook-Pro.local" name="stepDef.VailfFormPage" tests="1" failures="0" timestamp="09 Feb 2021 18:41:47 GMT" time="3.009" errors="0">
  <testcase name="i_am_on_the_from_s_page" time="3.009" classname="stepDef.VailfFormPage"/>
</testsuite> <!-- stepDef.VailfFormPage -->
