<?xml version="1.0" encoding="UTF-8"?>
<!-- Generated by org.testng.reporters.JUnitReportReporter -->
<testsuite skipped="0" hostname="Ankurs-MacBook-Pro.local" name="stepDef.TextBox" tests="1" failures="0" timestamp="11 Feb 2021 00:39:32 GMT" time="2.593" errors="0">
  <testcase name="i_am_on_the_textbox_page" time="2.593" classname="stepDef.TextBox"/>
</testsuite> <!-- stepDef.TextBox -->
