<?xml version="1.0" encoding="UTF-8"?>
<!-- Generated by org.testng.reporters.JUnitReportReporter -->
<testsuite skipped="0" hostname="Ankurs-MacBook-Pro.local" name="testRunner.TestRunner" tests="1" failures="0" timestamp="11 Feb 2021 00:32:01 GMT" time="4.855" errors="0">
  <testcase name="feature" time="4.855" classname="testRunner.TestRunner"/>
</testsuite> <!-- testRunner.TestRunner -->
